0 info it worked if it ends with ok
1 verbose cli [ '/root/.nvm/versions/io.js/v2.5.0/bin/iojs',
1 verbose cli   '/root/.nvm/versions/io.js/v2.5.0/bin/npm',
1 verbose cli   'run',
1 verbose cli   'dev' ]
2 info using npm@2.13.2
3 info using node@v2.5.0
4 verbose run-script [ 'predev', 'dev', 'postdev' ]
5 info predev server@1.0.0
6 info dev server@1.0.0
7 verbose unsafe-perm in lifecycle true
8 info server@1.0.0 Failed to exec dev script
9 verbose stack Error: server@1.0.0 dev: `nodemon index.js`
9 verbose stack Exit status 1
9 verbose stack     at EventEmitter.<anonymous> (/root/.nvm/versions/io.js/v2.5.0/lib/node_modules/npm/lib/utils/lifecycle.js:214:16)
9 verbose stack     at emitTwo (events.js:87:13)
9 verbose stack     at EventEmitter.emit (events.js:172:7)
9 verbose stack     at ChildProcess.<anonymous> (/root/.nvm/versions/io.js/v2.5.0/lib/node_modules/npm/lib/utils/spawn.js:24:14)
9 verbose stack     at emitTwo (events.js:87:13)
9 verbose stack     at ChildProcess.emit (events.js:172:7)
9 verbose stack     at maybeClose (internal/child_process.js:764:16)
9 verbose stack     at Process.ChildProcess._handle.onexit (internal/child_process.js:211:5)
10 verbose pkgid server@1.0.0
11 verbose cwd /root/server
12 error Linux 5.4.0-153-generic
13 error argv "/root/.nvm/versions/io.js/v2.5.0/bin/iojs" "/root/.nvm/versions/io.js/v2.5.0/bin/npm" "run" "dev"
14 error node v2.5.0
15 error npm  v2.13.2
16 error code ELIFECYCLE
17 error server@1.0.0 dev: `nodemon index.js`
17 error Exit status 1
18 error Failed at the server@1.0.0 dev script 'nodemon index.js'.
18 error This is most likely a problem with the server package,
18 error not with npm itself.
18 error Tell the author that this fails on your system:
18 error     nodemon index.js
18 error You can get their info via:
18 error     npm owner ls server
18 error There is likely additional logging output above.
19 verbose exit [ 1, true ]
